This file contains any messages produced by compilers while
running configure, to aid debugging if configure makes a mistake.

It was created by Mini-XML configure 3.1, which was
generated by GNU Autoconf 2.69.  Invocation command line was

  $ ./configure --disable-shared --enable-threads

## --------- ##
## Platform. ##
## --------- ##

hostname = daq1
uname -m = x86_64
uname -r = 3.4.9-be826601.x86_64
uname -s = MINGW64_NT-10.0-19045
uname -v = 2023-09-07 12:36 UTC

/usr/bin/uname -p = unknown
/bin/uname -X     = unknown

/bin/arch              = x86_64
/usr/bin/arch -k       = unknown
/usr/convex/getsysinfo = unknown
/usr/bin/hostinfo      = unknown
/bin/machine           = unknown
/usr/bin/oslevel       = unknown
/bin/universe          = unknown

PATH: /c/Users/Defensa Civil/bin
PATH: /mingw64/bin
PATH: /usr/local/bin
PATH: /usr/bin
PATH: /usr/bin
PATH: /mingw64/bin
PATH: /usr/bin
PATH: /c/Users/Defensa Civil/bin
PATH: /c/Program Files (x86)/Common Files/Oracle/Java/javapath
PATH: /c/Program Files (x86)/Intel/Intel(R) Management Engine Components/iCLS
PATH: /c/Program Files/Intel/Intel(R) Management Engine Components/iCLS
PATH: /c/WINDOWS/system32
PATH: /c/WINDOWS
PATH: /c/WINDOWS/System32/Wbem
PATH: /c/WINDOWS/System32/WindowsPowerShell/v1.0
PATH: /c/Program Files (x86)/Intel/Intel(R) Management Engine Components/DAL
PATH: /c/Program Files/Intel/Intel(R) Management Engine Components/DAL
PATH: /c/Program Files (x86)/Intel/Intel(R) Management Engine Components/IPT
PATH: /c/Program Files/Intel/Intel(R) Management Engine Components/IPT
PATH: /c/WINDOWS/System32/OpenSSH
PATH: /c/Program Files (x86)/Bitvise SSH Client
PATH: /c/wamp64/bin/apache/apache2.4.41/bin
PATH: /c/wamp64/bin/mariadb/mariadb10.4.10/bin
PATH: /c/earthworm/earthworm_7.8/bin
PATH: /c/earthworm/earthworm_7.8/src/archiving/Winston1.2.9.2/bin
PATH: /c/wamp/bin/mysql/mysql5.6.17/bin
PATH: /c/Program Files/dotnet
PATH: /c/earthworm/run_working/params
PATH: /c/earthworm/run_working/log
PATH: /c/earthworm/run_working
PATH: /c/net6.0
PATH: /c/wamp/bin/apache/apache2.4.9/bin
PATH: /c/php
PATH: /cmd
PATH: /c/Users/Defensa Civil/AppData/Local/Microsoft/WindowsApps
PATH: /c/Users/Defensa Civil/AppData/Local/Programs/Microsoft VS Code/bin
PATH: /usr/bin/vendor_perl
PATH: /usr/bin/core_perl


## ----------- ##
## Core tests. ##
## ----------- ##

configure:2240: checking build system type
configure:2254: result: x86_64-pc-mingw64
configure:2274: checking host system type
configure:2287: result: x86_64-pc-mingw64
configure:2431: checking for gcc
configure:2461: result: no
configure:2524: checking for cc
configure:2571: result: no
configure:2627: checking for cl.exe
configure:2657: result: no
configure:2681: error: in `/c/Users/Defensa Civil/Desktop/seedlinkEW/ringserver/mxml':
configure:2683: error: no acceptable C compiler found in $PATH
See `config.log' for more details

## ---------------- ##
## Cache variables. ##
## ---------------- ##

ac_cv_build=x86_64-pc-mingw64
ac_cv_env_CCC_set=
ac_cv_env_CCC_value=
ac_cv_env_CC_set=
ac_cv_env_CC_value=
ac_cv_env_CFLAGS_set=
ac_cv_env_CFLAGS_value=
ac_cv_env_CPPFLAGS_set=
ac_cv_env_CPPFLAGS_value=
ac_cv_env_CPP_set=
ac_cv_env_CPP_value=
ac_cv_env_CXXFLAGS_set=
ac_cv_env_CXXFLAGS_value=
ac_cv_env_CXX_set=
ac_cv_env_CXX_value=
ac_cv_env_LDFLAGS_set=
ac_cv_env_LDFLAGS_value=
ac_cv_env_LIBS_set=
ac_cv_env_LIBS_value=
ac_cv_env_build_alias_set=
ac_cv_env_build_alias_value=
ac_cv_env_host_alias_set=
ac_cv_env_host_alias_value=
ac_cv_env_target_alias_set=
ac_cv_env_target_alias_value=
ac_cv_host=x86_64-pc-mingw64

## ----------------- ##
## Output variables. ##
## ----------------- ##

AR=''
ARCHFLAGS=''
ARFLAGS=''
CC=''
CFLAGS=''
CP=''
CPP=''
CPPFLAGS=''
CXX=''
CXXFLAGS=''
DEFS=''
DSO=''
DSOFLAGS=''
ECHO_C=''
ECHO_N='-n'
ECHO_T=''
EGREP=''
EXEEXT=''
GREP=''
INSTALL_DATA=''
INSTALL_PROGRAM=''
INSTALL_SCRIPT=''
LDCONFIG=''
LDFLAGS=''
LIBMXML=''
LIBOBJS=''
LIBS=''
LN=''
LTLIBOBJS=''
MKDIR=''
OBJEXT=''
OPTIM=''
PACKAGE_BUGREPORT='https://github.com/michaelrsweet/mxml/issues'
PACKAGE_NAME='Mini-XML'
PACKAGE_STRING='Mini-XML 3.1'
PACKAGE_TARNAME='mxml'
PACKAGE_URL='https://michaelrsweet.github.io/mxml'
PACKAGE_VERSION='3.1'
PATH_SEPARATOR=':'
PC_CFLAGS=''
PC_LIBS=''
PICFLAG=''
PTHREAD_FLAGS=''
PTHREAD_LIBS=''
RANLIB=''
RM=''
SHELL='/bin/sh'
TARGETS=''
VERSION='3.1'
ac_ct_CC=''
ac_ct_CXX=''
bindir='${exec_prefix}/bin'
build='x86_64-pc-mingw64'
build_alias=''
build_cpu='x86_64'
build_os='mingw64'
build_vendor='pc'
datadir='${datarootdir}'
datarootdir='${prefix}/share'
docdir='NONE'
dvidir='${docdir}'
exec_prefix='NONE'
host='x86_64-pc-mingw64'
host_alias=''
host_cpu='x86_64'
host_os='mingw64'
host_vendor='pc'
htmldir='${docdir}'
includedir='${prefix}/include'
infodir='${datarootdir}/info'
libdir='${exec_prefix}/lib'
libexecdir='${exec_prefix}/libexec'
localedir='${datarootdir}/locale'
localstatedir='${prefix}/var'
mandir='${datarootdir}/man'
oldincludedir='/usr/include'
pdfdir='${docdir}'
prefix='NONE'
program_transform_name='s,x,x,'
psdir='${docdir}'
runstatedir='${localstatedir}/run'
sbindir='${exec_prefix}/sbin'
sharedstatedir='${prefix}/com'
sysconfdir='${prefix}/etc'
target_alias=''

## ----------- ##
## confdefs.h. ##
## ----------- ##

/* confdefs.h */
#define PACKAGE_NAME "Mini-XML"
#define PACKAGE_TARNAME "mxml"
#define PACKAGE_VERSION "3.1"
#define PACKAGE_STRING "Mini-XML 3.1"
#define PACKAGE_BUGREPORT "https://github.com/michaelrsweet/mxml/issues"
#define PACKAGE_URL "https://michaelrsweet.github.io/mxml"
#define MXML_VERSION "Mini-XML v3.1"

configure: exit 1
